2019-10-12 19:46:07,439 INFO: __main__: Start
2019-10-12 19:46:07,904 INFO: Functions.InputsOutputs.inputsoutputs: Starting IO program
2019-10-12 19:46:07,947 INFO: Functions.Interface.shotmachine_interface: Set screensize to: 1920x1080
2019-10-12 19:46:08,345 INFO: Functions.CameraShotmachine.camerashotmachine: Class started
2019-10-12 19:46:09,414 INFO: Functions.Interface.shotmachine_interface: Photobooth screen loaded
2019-10-12 19:46:09,503 INFO: Functions.InputsOutputs.inputsoutputs: Input Output program started
2019-10-12 19:46:09,925 INFO: Functions.Interface.shotmachine_interface: Interface initialised
2019-10-12 19:46:11,301 INFO: Functions.InputsOutputs.inputsoutputs: shothendel pulled
2019-10-12 19:46:13,473 INFO: Functions.InputsOutputs.inputsoutputs: fotoknop pressed
2019-10-12 19:46:13,531 INFO: Functions.InputsOutputs.inputsoutputs: Machine busy, ignore inputs
2019-10-12 19:46:13,622 INFO: Functions.Interface.shotmachine_interface: Live camera screen
2019-10-12 19:46:13,636 INFO: Functions.InputsOutputs.inputsoutputs: changing flashlight state to: 1
2019-10-12 19:46:18,703 INFO: Functions.Interface.shotmachine_interface: Taken picture screen
2019-10-12 19:46:20,506 INFO: Functions.InputsOutputs.inputsoutputs: changing flashlight state to: 0
2019-10-12 19:46:21,489 INFO: __main__: foto at 20191012_194621 

2019-10-12 19:46:21,504 INFO: Functions.InputsOutputs.inputsoutputs: Machine ready, checking inputs
2019-10-12 19:46:24,406 INFO: Functions.Interface.shotmachine_interface: Photobooth screen loaded
2019-10-12 19:46:33,111 INFO: __main__: main quit
2019-10-12 19:46:33,172 INFO: Functions.InputsOutputs.inputsoutputs: IO quit
2019-10-12 19:46:33,750 INFO: Functions.Interface.shotmachine_interface: Interface stopped
