2019-10-12 19:52:14,258 INFO: __main__: Start
2019-10-12 19:52:14,293 INFO: Functions.InputsOutputs.inputsoutputs: Starting IO program
2019-10-12 19:52:14,806 INFO: Functions.Interface.shotmachine_interface: Set screensize to: 1920x1080
2019-10-12 19:52:14,939 INFO: Functions.CameraShotmachine.camerashotmachine: Class started
2019-10-12 19:52:15,701 INFO: Functions.Interface.shotmachine_interface: Photobooth screen loaded
2019-10-12 19:52:15,854 INFO: Functions.InputsOutputs.inputsoutputs: Input Output program started
2019-10-12 19:52:16,225 INFO: Functions.Interface.shotmachine_interface: Interface initialised
2019-10-12 19:52:19,790 INFO: Functions.InputsOutputs.inputsoutputs: shothendel pulled
2019-10-12 19:52:19,909 INFO: Functions.Interface.shotmachine_interface: Unknown commamd from interfaceStart_roll
2019-10-12 19:52:20,900 INFO: Functions.InputsOutputs.inputsoutputs: fotoknop pressed
2019-10-12 19:52:20,931 INFO: Functions.InputsOutputs.inputsoutputs: Machine busy, ignore inputs
2019-10-12 19:52:21,075 INFO: Functions.InputsOutputs.inputsoutputs: changing flashlight state to: 1
2019-10-12 19:52:21,075 INFO: Functions.Interface.shotmachine_interface: Live camera screen
2019-10-12 19:52:26,135 INFO: Functions.Interface.shotmachine_interface: Taken picture screen
2019-10-12 19:52:27,940 INFO: Functions.InputsOutputs.inputsoutputs: changing flashlight state to: 0
2019-10-12 19:52:28,929 INFO: __main__: foto at 20191012_195228 

2019-10-12 19:52:29,011 INFO: Functions.InputsOutputs.inputsoutputs: Machine ready, checking inputs
2019-10-12 19:52:31,727 INFO: Functions.Interface.shotmachine_interface: Photobooth screen loaded
2019-10-12 19:57:52,968 INFO: __main__: main quit
2019-10-12 19:57:52,973 INFO: Functions.InputsOutputs.inputsoutputs: IO quit
2019-10-12 19:57:53,529 INFO: Functions.Interface.shotmachine_interface: Interface stopped
