2019-10-12 19:33:32,975 INFO: __main__: Start
2019-10-12 19:33:33,336 INFO: Functions.InputsOutputs.inputsoutputs: Starting IO program
2019-10-12 19:33:33,426 INFO: Functions.Interface.shotmachine_interface: Set screensize to: 1920x1080
2019-10-12 19:33:33,742 INFO: Functions.CameraShotmachine.camerashotmachine: Class started
2019-10-12 19:33:34,468 INFO: Functions.Interface.shotmachine_interface: Photobooth screen loaded
2019-10-12 19:33:34,716 INFO: Functions.InputsOutputs.inputsoutputs: Input Output program started
2019-10-12 19:33:34,969 INFO: Functions.Interface.shotmachine_interface: Interface initialised
2019-10-12 19:33:42,586 INFO: Functions.InputsOutputs.inputsoutputs: shothendel pulled
2019-10-12 19:33:43,505 INFO: Functions.InputsOutputs.inputsoutputs: fotoknop pressed
2019-10-12 19:33:43,610 INFO: Functions.InputsOutputs.inputsoutputs: Machine busy, ignore inputs
2019-10-12 19:33:43,662 INFO: Functions.Interface.shotmachine_interface: Live camera screen
2019-10-12 19:33:43,751 INFO: Functions.InputsOutputs.inputsoutputs: changing flashlight state to: 1
2019-10-12 19:33:48,808 INFO: Functions.Interface.shotmachine_interface: Taken picture screen
2019-10-12 19:33:50,567 INFO: Functions.InputsOutputs.inputsoutputs: changing flashlight state to: 0
2019-10-12 19:33:51,544 INFO: __main__: foto at 20191012_193351 

2019-10-12 19:33:51,559 INFO: Functions.InputsOutputs.inputsoutputs: Machine ready, checking inputs
2019-10-12 19:33:54,360 INFO: Functions.Interface.shotmachine_interface: Photobooth screen loaded
2019-10-12 19:34:46,763 INFO: Functions.InputsOutputs.inputsoutputs: fotoknop pressed
2019-10-12 19:34:46,839 INFO: Functions.InputsOutputs.inputsoutputs: Machine busy, ignore inputs
2019-10-12 19:34:46,987 INFO: Functions.Interface.shotmachine_interface: Live camera screen
2019-10-12 19:34:46,988 INFO: Functions.InputsOutputs.inputsoutputs: changing flashlight state to: 1
2019-10-12 19:34:51,990 INFO: Functions.Interface.shotmachine_interface: Taken picture screen
2019-10-12 19:34:53,815 INFO: Functions.InputsOutputs.inputsoutputs: changing flashlight state to: 0
2019-10-12 19:34:54,783 INFO: __main__: foto at 20191012_193454 

2019-10-12 19:34:54,895 INFO: Functions.InputsOutputs.inputsoutputs: Machine ready, checking inputs
2019-10-12 19:34:57,440 INFO: Functions.Interface.shotmachine_interface: Photobooth screen loaded
2019-10-12 19:46:39,421 INFO: __main__: main quit
2019-10-12 19:46:39,521 INFO: Functions.InputsOutputs.inputsoutputs: IO quit
2019-10-12 19:46:39,952 INFO: Functions.Interface.shotmachine_interface: Interface stopped
